c:\users\alumnos\desktop\opengl\opengljaime\opengljaime\texture\x64\debug\vc143.pdb
c:\users\alumnos\desktop\opengl\opengljaime\opengljaime\texture\x64\debug\vc143.idb
c:\users\alumnos\desktop\opengl\opengljaime\opengljaime\texture\x64\debug\shaderfuncs.obj
c:\users\alumnos\desktop\opengl\opengljaime\opengljaime\texture\x64\debug\plane.obj
c:\users\alumnos\desktop\opengl\opengljaime\opengljaime\texture\x64\debug\application.obj
c:\users\alumnos\desktop\opengl\opengljaime\opengljaime\texture\x64\debug\texture.obj
c:\users\alumnos\desktop\opengl\opengljaime\opengljaime\texture\x64\debug\glad.obj
c:\users\alumnos\desktop\opengl\opengljaime\opengljaime\texture\x64\debug\texture.ilk
c:\users\alumnos\desktop\opengl\opengljaime\opengljaime\texture\x64\debug\helloplane.obj
c:\users\alumnos\desktop\opengl\opengljaime\opengljaime\texture\x64\debug\plane.ilk
c:\users\alumnos\desktop\opengl\opengljaime\opengljaime\x64\debug\texture.pdb
c:\users\alumnos\desktop\opengl\opengljaime\opengljaime\texture\x64\debug\texture.tlog\cl.command.1.tlog
c:\users\alumnos\desktop\opengl\opengljaime\opengljaime\texture\x64\debug\texture.tlog\cl.items.tlog
c:\users\alumnos\desktop\opengl\opengljaime\opengljaime\texture\x64\debug\texture.tlog\cl.read.1.tlog
c:\users\alumnos\desktop\opengl\opengljaime\opengljaime\texture\x64\debug\texture.tlog\cl.write.1.tlog
c:\users\alumnos\desktop\opengl\opengljaime\opengljaime\texture\x64\debug\texture.tlog\link-cvtres.read.1.tlog
c:\users\alumnos\desktop\opengl\opengljaime\opengljaime\texture\x64\debug\texture.tlog\link-cvtres.write.1.tlog
c:\users\alumnos\desktop\opengl\opengljaime\opengljaime\texture\x64\debug\texture.tlog\link-rc.read.1.tlog
c:\users\alumnos\desktop\opengl\opengljaime\opengljaime\texture\x64\debug\texture.tlog\link-rc.write.1.tlog
c:\users\alumnos\desktop\opengl\opengljaime\opengljaime\texture\x64\debug\texture.tlog\link.13908-cvtres.read.1.tlog
c:\users\alumnos\desktop\opengl\opengljaime\opengljaime\texture\x64\debug\texture.tlog\link.13908-cvtres.write.1.tlog
c:\users\alumnos\desktop\opengl\opengljaime\opengljaime\texture\x64\debug\texture.tlog\link.13908-rc.read.1.tlog
c:\users\alumnos\desktop\opengl\opengljaime\opengljaime\texture\x64\debug\texture.tlog\link.13908-rc.write.1.tlog
c:\users\alumnos\desktop\opengl\opengljaime\opengljaime\texture\x64\debug\texture.tlog\link.13908.read.1.tlog
c:\users\alumnos\desktop\opengl\opengljaime\opengljaime\texture\x64\debug\texture.tlog\link.13908.read.2.tlog
c:\users\alumnos\desktop\opengl\opengljaime\opengljaime\texture\x64\debug\texture.tlog\link.13908.read.3.tlog
c:\users\alumnos\desktop\opengl\opengljaime\opengljaime\texture\x64\debug\texture.tlog\link.13908.read.4.tlog
c:\users\alumnos\desktop\opengl\opengljaime\opengljaime\texture\x64\debug\texture.tlog\link.13908.write.1.tlog
c:\users\alumnos\desktop\opengl\opengljaime\opengljaime\texture\x64\debug\texture.tlog\link.command.1.tlog
c:\users\alumnos\desktop\opengl\opengljaime\opengljaime\texture\x64\debug\texture.tlog\link.read.1.tlog
c:\users\alumnos\desktop\opengl\opengljaime\opengljaime\texture\x64\debug\texture.tlog\link.read.2.tlog
c:\users\alumnos\desktop\opengl\opengljaime\opengljaime\texture\x64\debug\texture.tlog\link.read.3.tlog
c:\users\alumnos\desktop\opengl\opengljaime\opengljaime\texture\x64\debug\texture.tlog\link.read.4.tlog
c:\users\alumnos\desktop\opengl\opengljaime\opengljaime\texture\x64\debug\texture.tlog\link.secondary.1.tlog
c:\users\alumnos\desktop\opengl\opengljaime\opengljaime\texture\x64\debug\texture.tlog\link.write.1.tlog
